24-Nov-2023 00:00:02.544 INFO [Catalina-utility-1] org.apache.catalina.startup.HostConfig.deployDescriptor Desplieque del descriptor de configuración [C:\Users\olthek\Desktop\apache-tomcat-9.0.70\conf\Catalina\localhost\MS_DEV.xml]
24-Nov-2023 00:00:02.544 WARNING [Catalina-utility-1] org.apache.catalina.startup.HostConfig.deployDescriptor The path attribute with value [/MS_DEV] in deployment descriptor [C:\Users\olthek\Desktop\apache-tomcat-9.0.70\conf\Catalina\localhost\MS_DEV.xml] has been ignored
24-Nov-2023 00:00:02.544 SEVERE [Catalina-utility-1] org.apache.catalina.startup.HostConfig.deployDescriptor Error durante el despliegue del descriptor de configuración [C:\Users\olthek\Desktop\apache-tomcat-9.0.70\conf\Catalina\localhost\MS_DEV.xml]
	java.io.IOException: El volumen no contiene un sistema de archivos reconocido.
Asegúrese de que todos los controladores del sistema de archivos necesarios están cargados y de que el volumen no está dañado
		at java.base/java.io.WinNTFileSystem.canonicalize0(Native Method)
		at java.base/java.io.WinNTFileSystem.canonicalize(WinNTFileSystem.java:483)
		at java.base/java.io.File.getCanonicalPath(File.java:626)
		at java.base/java.io.File.getCanonicalFile(File.java:651)
		at org.apache.catalina.startup.HostConfig.deployDescriptor(HostConfig.java:662)
		at org.apache.catalina.startup.HostConfig$DeployDescriptor.run(HostConfig.java:1888)
		at java.base/java.util.concurrent.Executors$RunnableAdapter.call(Executors.java:515)
		at java.base/java.util.concurrent.FutureTask.run(FutureTask.java:264)
		at org.apache.tomcat.util.threads.InlineExecutorService.execute(InlineExecutorService.java:75)
		at java.base/java.util.concurrent.AbstractExecutorService.submit(AbstractExecutorService.java:118)
		at org.apache.catalina.startup.HostConfig.deployDescriptors(HostConfig.java:582)
		at org.apache.catalina.startup.HostConfig.deployApps(HostConfig.java:472)
		at org.apache.catalina.startup.HostConfig.check(HostConfig.java:1666)
		at org.apache.catalina.startup.HostConfig.lifecycleEvent(HostConfig.java:314)
		at org.apache.catalina.util.LifecycleBase.fireLifecycleEvent(LifecycleBase.java:123)
		at org.apache.catalina.core.ContainerBase.backgroundProcess(ContainerBase.java:1159)
		at org.apache.catalina.core.ContainerBase$ContainerBackgroundProcessor.processChildren(ContainerBase.java:1362)
		at org.apache.catalina.core.ContainerBase$ContainerBackgroundProcessor.processChildren(ContainerBase.java:1366)
		at org.apache.catalina.core.ContainerBase$ContainerBackgroundProcessor.run(ContainerBase.java:1344)
		at java.base/java.util.concurrent.Executors$RunnableAdapter.call(Executors.java:515)
		at java.base/java.util.concurrent.FutureTask.runAndReset(FutureTask.java:305)
		at java.base/java.util.concurrent.ScheduledThreadPoolExecutor$ScheduledFutureTask.run(ScheduledThreadPoolExecutor.java:305)
		at java.base/java.util.concurrent.ThreadPoolExecutor.runWorker(ThreadPoolExecutor.java:1128)
		at java.base/java.util.concurrent.ThreadPoolExecutor$Worker.run(ThreadPoolExecutor.java:628)
		at org.apache.tomcat.util.threads.TaskThread$WrappingRunnable.run(TaskThread.java:61)
		at java.base/java.lang.Thread.run(Thread.java:834)
24-Nov-2023 00:00:02.559 INFO [Catalina-utility-1] org.apache.catalina.startup.HostConfig.deployDescriptor Deployment of deployment descriptor [C:\Users\olthek\Desktop\apache-tomcat-9.0.70\conf\Catalina\localhost\MS_DEV.xml] has finished in [31] ms
24-Nov-2023 00:00:02.559 INFO [Catalina-utility-1] org.apache.catalina.startup.HostConfig.deployDescriptor Desplieque del descriptor de configuración [C:\Users\olthek\Desktop\apache-tomcat-9.0.70\conf\Catalina\localhost\Tienda.xml]
24-Nov-2023 00:00:02.559 WARNING [Catalina-utility-1] org.apache.catalina.startup.HostConfig.deployDescriptor The path attribute with value [/Tienda] in deployment descriptor [C:\Users\olthek\Desktop\apache-tomcat-9.0.70\conf\Catalina\localhost\Tienda.xml] has been ignored
24-Nov-2023 00:00:02.559 SEVERE [Catalina-utility-1] org.apache.catalina.startup.HostConfig.deployDescriptor Error durante el despliegue del descriptor de configuración [C:\Users\olthek\Desktop\apache-tomcat-9.0.70\conf\Catalina\localhost\Tienda.xml]
	java.io.IOException: El volumen no contiene un sistema de archivos reconocido.
Asegúrese de que todos los controladores del sistema de archivos necesarios están cargados y de que el volumen no está dañado
		at java.base/java.io.WinNTFileSystem.canonicalize0(Native Method)
		at java.base/java.io.WinNTFileSystem.canonicalize(WinNTFileSystem.java:483)
		at java.base/java.io.File.getCanonicalPath(File.java:626)
		at java.base/java.io.File.getCanonicalFile(File.java:651)
		at org.apache.catalina.startup.HostConfig.deployDescriptor(HostConfig.java:662)
		at org.apache.catalina.startup.HostConfig$DeployDescriptor.run(HostConfig.java:1888)
		at java.base/java.util.concurrent.Executors$RunnableAdapter.call(Executors.java:515)
		at java.base/java.util.concurrent.FutureTask.run(FutureTask.java:264)
		at org.apache.tomcat.util.threads.InlineExecutorService.execute(InlineExecutorService.java:75)
		at java.base/java.util.concurrent.AbstractExecutorService.submit(AbstractExecutorService.java:118)
		at org.apache.catalina.startup.HostConfig.deployDescriptors(HostConfig.java:582)
		at org.apache.catalina.startup.HostConfig.deployApps(HostConfig.java:472)
		at org.apache.catalina.startup.HostConfig.check(HostConfig.java:1666)
		at org.apache.catalina.startup.HostConfig.lifecycleEvent(HostConfig.java:314)
		at org.apache.catalina.util.LifecycleBase.fireLifecycleEvent(LifecycleBase.java:123)
		at org.apache.catalina.core.ContainerBase.backgroundProcess(ContainerBase.java:1159)
		at org.apache.catalina.core.ContainerBase$ContainerBackgroundProcessor.processChildren(ContainerBase.java:1362)
		at org.apache.catalina.core.ContainerBase$ContainerBackgroundProcessor.processChildren(ContainerBase.java:1366)
		at org.apache.catalina.core.ContainerBase$ContainerBackgroundProcessor.run(ContainerBase.java:1344)
		at java.base/java.util.concurrent.Executors$RunnableAdapter.call(Executors.java:515)
		at java.base/java.util.concurrent.FutureTask.runAndReset(FutureTask.java:305)
		at java.base/java.util.concurrent.ScheduledThreadPoolExecutor$ScheduledFutureTask.run(ScheduledThreadPoolExecutor.java:305)
		at java.base/java.util.concurrent.ThreadPoolExecutor.runWorker(ThreadPoolExecutor.java:1128)
		at java.base/java.util.concurrent.ThreadPoolExecutor$Worker.run(ThreadPoolExecutor.java:628)
		at org.apache.tomcat.util.threads.TaskThread$WrappingRunnable.run(TaskThread.java:61)
		at java.base/java.lang.Thread.run(Thread.java:834)
24-Nov-2023 00:00:02.731 INFO [Catalina-utility-1] org.apache.catalina.startup.HostConfig.deployDescriptor Deployment of deployment descriptor [C:\Users\olthek\Desktop\apache-tomcat-9.0.70\conf\Catalina\localhost\Tienda.xml] has finished in [172] ms
24-Nov-2023 00:00:02.731 INFO [Catalina-utility-1] org.apache.catalina.startup.HostConfig.deployDescriptor Desplieque del descriptor de configuración [C:\Users\olthek\Desktop\apache-tomcat-9.0.70\conf\Catalina\localhost\WebApplication2.xml]
24-Nov-2023 00:00:02.731 WARNING [Catalina-utility-1] org.apache.catalina.startup.HostConfig.deployDescriptor The path attribute with value [/WebApplication2] in deployment descriptor [C:\Users\olthek\Desktop\apache-tomcat-9.0.70\conf\Catalina\localhost\WebApplication2.xml] has been ignored
24-Nov-2023 00:00:02.747 SEVERE [Catalina-utility-1] org.apache.catalina.startup.HostConfig.deployDescriptor Error durante el despliegue del descriptor de configuración [C:\Users\olthek\Desktop\apache-tomcat-9.0.70\conf\Catalina\localhost\WebApplication2.xml]
	java.io.IOException: El dispositivo no está listo
		at java.base/java.io.WinNTFileSystem.canonicalize0(Native Method)
		at java.base/java.io.WinNTFileSystem.canonicalize(WinNTFileSystem.java:483)
		at java.base/java.io.File.getCanonicalPath(File.java:626)
		at java.base/java.io.File.getCanonicalFile(File.java:651)
		at org.apache.catalina.startup.HostConfig.deployDescriptor(HostConfig.java:662)
		at org.apache.catalina.startup.HostConfig$DeployDescriptor.run(HostConfig.java:1888)
		at java.base/java.util.concurrent.Executors$RunnableAdapter.call(Executors.java:515)
		at java.base/java.util.concurrent.FutureTask.run(FutureTask.java:264)
		at org.apache.tomcat.util.threads.InlineExecutorService.execute(InlineExecutorService.java:75)
		at java.base/java.util.concurrent.AbstractExecutorService.submit(AbstractExecutorService.java:118)
		at org.apache.catalina.startup.HostConfig.deployDescriptors(HostConfig.java:582)
		at org.apache.catalina.startup.HostConfig.deployApps(HostConfig.java:472)
		at org.apache.catalina.startup.HostConfig.check(HostConfig.java:1666)
		at org.apache.catalina.startup.HostConfig.lifecycleEvent(HostConfig.java:314)
		at org.apache.catalina.util.LifecycleBase.fireLifecycleEvent(LifecycleBase.java:123)
		at org.apache.catalina.core.ContainerBase.backgroundProcess(ContainerBase.java:1159)
		at org.apache.catalina.core.ContainerBase$ContainerBackgroundProcessor.processChildren(ContainerBase.java:1362)
		at org.apache.catalina.core.ContainerBase$ContainerBackgroundProcessor.processChildren(ContainerBase.java:1366)
		at org.apache.catalina.core.ContainerBase$ContainerBackgroundProcessor.run(ContainerBase.java:1344)
		at java.base/java.util.concurrent.Executors$RunnableAdapter.call(Executors.java:515)
		at java.base/java.util.concurrent.FutureTask.runAndReset(FutureTask.java:305)
		at java.base/java.util.concurrent.ScheduledThreadPoolExecutor$ScheduledFutureTask.run(ScheduledThreadPoolExecutor.java:305)
		at java.base/java.util.concurrent.ThreadPoolExecutor.runWorker(ThreadPoolExecutor.java:1128)
		at java.base/java.util.concurrent.ThreadPoolExecutor$Worker.run(ThreadPoolExecutor.java:628)
		at org.apache.tomcat.util.threads.TaskThread$WrappingRunnable.run(TaskThread.java:61)
		at java.base/java.lang.Thread.run(Thread.java:834)
24-Nov-2023 00:00:02.763 INFO [Catalina-utility-1] org.apache.catalina.startup.HostConfig.deployDescriptor Deployment of deployment descriptor [C:\Users\olthek\Desktop\apache-tomcat-9.0.70\conf\Catalina\localhost\WebApplication2.xml] has finished in [32] ms
24-Nov-2023 00:00:12.781 INFO [Catalina-utility-2] org.apache.catalina.startup.HostConfig.deployDescriptor Desplieque del descriptor de configuración [C:\Users\olthek\Desktop\apache-tomcat-9.0.70\conf\Catalina\localhost\MS_DEV.xml]
24-Nov-2023 00:00:12.797 WARNING [Catalina-utility-2] org.apache.catalina.startup.HostConfig.deployDescriptor The path attribute with value [/MS_DEV] in deployment descriptor [C:\Users\olthek\Desktop\apache-tomcat-9.0.70\conf\Catalina\localhost\MS_DEV.xml] has been ignored
24-Nov-2023 00:00:12.797 SEVERE [Catalina-utility-2] org.apache.catalina.startup.HostConfig.deployDescriptor Error durante el despliegue del descriptor de configuración [C:\Users\olthek\Desktop\apache-tomcat-9.0.70\conf\Catalina\localhost\MS_DEV.xml]
	java.io.IOException: El volumen no contiene un sistema de archivos reconocido.
Asegúrese de que todos los controladores del sistema de archivos necesarios están cargados y de que el volumen no está dañado
		at java.base/java.io.WinNTFileSystem.canonicalize0(Native Method)
		at java.base/java.io.WinNTFileSystem.canonicalize(WinNTFileSystem.java:483)
		at java.base/java.io.File.getCanonicalPath(File.java:626)
		at java.base/java.io.File.getCanonicalFile(File.java:651)
		at org.apache.catalina.startup.HostConfig.deployDescriptor(HostConfig.java:662)
		at org.apache.catalina.startup.HostConfig$DeployDescriptor.run(HostConfig.java:1888)
		at java.base/java.util.concurrent.Executors$RunnableAdapter.call(Executors.java:515)
		at java.base/java.util.concurrent.FutureTask.run(FutureTask.java:264)
		at org.apache.tomcat.util.threads.InlineExecutorService.execute(InlineExecutorService.java:75)
		at java.base/java.util.concurrent.AbstractExecutorService.submit(AbstractExecutorService.java:118)
		at org.apache.catalina.startup.HostConfig.deployDescriptors(HostConfig.java:582)
		at org.apache.catalina.startup.HostConfig.deployApps(HostConfig.java:472)
		at org.apache.catalina.startup.HostConfig.check(HostConfig.java:1666)
		at org.apache.catalina.startup.HostConfig.lifecycleEvent(HostConfig.java:314)
		at org.apache.catalina.util.LifecycleBase.fireLifecycleEvent(LifecycleBase.java:123)
		at org.apache.catalina.core.ContainerBase.backgroundProcess(ContainerBase.java:1159)
		at org.apache.catalina.core.ContainerBase$ContainerBackgroundProcessor.processChildren(ContainerBase.java:1362)
		at org.apache.catalina.core.ContainerBase$ContainerBackgroundProcessor.processChildren(ContainerBase.java:1366)
		at org.apache.catalina.core.ContainerBase$ContainerBackgroundProcessor.run(ContainerBase.java:1344)
		at java.base/java.util.concurrent.Executors$RunnableAdapter.call(Executors.java:515)
		at java.base/java.util.concurrent.FutureTask.runAndReset(FutureTask.java:305)
		at java.base/java.util.concurrent.ScheduledThreadPoolExecutor$ScheduledFutureTask.run(ScheduledThreadPoolExecutor.java:305)
		at java.base/java.util.concurrent.ThreadPoolExecutor.runWorker(ThreadPoolExecutor.java:1128)
		at java.base/java.util.concurrent.ThreadPoolExecutor$Worker.run(ThreadPoolExecutor.java:628)
		at org.apache.tomcat.util.threads.TaskThread$WrappingRunnable.run(TaskThread.java:61)
		at java.base/java.lang.Thread.run(Thread.java:834)
24-Nov-2023 00:00:12.812 INFO [Catalina-utility-2] org.apache.catalina.startup.HostConfig.deployDescriptor Deployment of deployment descriptor [C:\Users\olthek\Desktop\apache-tomcat-9.0.70\conf\Catalina\localhost\MS_DEV.xml] has finished in [31] ms
24-Nov-2023 00:00:12.812 INFO [Catalina-utility-2] org.apache.catalina.startup.HostConfig.deployDescriptor Desplieque del descriptor de configuración [C:\Users\olthek\Desktop\apache-tomcat-9.0.70\conf\Catalina\localhost\Tienda.xml]
24-Nov-2023 00:00:12.812 WARNING [Catalina-utility-2] org.apache.catalina.startup.HostConfig.deployDescriptor The path attribute with value [/Tienda] in deployment descriptor [C:\Users\olthek\Desktop\apache-tomcat-9.0.70\conf\Catalina\localhost\Tienda.xml] has been ignored
24-Nov-2023 00:00:12.812 SEVERE [Catalina-utility-2] org.apache.catalina.startup.HostConfig.deployDescriptor Error durante el despliegue del descriptor de configuración [C:\Users\olthek\Desktop\apache-tomcat-9.0.70\conf\Catalina\localhost\Tienda.xml]
	java.io.IOException: El volumen no contiene un sistema de archivos reconocido.
Asegúrese de que todos los controladores del sistema de archivos necesarios están cargados y de que el volumen no está dañado
		at java.base/java.io.WinNTFileSystem.canonicalize0(Native Method)
		at java.base/java.io.WinNTFileSystem.canonicalize(WinNTFileSystem.java:483)
		at java.base/java.io.File.getCanonicalPath(File.java:626)
		at java.base/java.io.File.getCanonicalFile(File.java:651)
		at org.apache.catalina.startup.HostConfig.deployDescriptor(HostConfig.java:662)
		at org.apache.catalina.startup.HostConfig$DeployDescriptor.run(HostConfig.java:1888)
		at java.base/java.util.concurrent.Executors$RunnableAdapter.call(Executors.java:515)
		at java.base/java.util.concurrent.FutureTask.run(FutureTask.java:264)
		at org.apache.tomcat.util.threads.InlineExecutorService.execute(InlineExecutorService.java:75)
		at java.base/java.util.concurrent.AbstractExecutorService.submit(AbstractExecutorService.java:118)
		at org.apache.catalina.startup.HostConfig.deployDescriptors(HostConfig.java:582)
		at org.apache.catalina.startup.HostConfig.deployApps(HostConfig.java:472)
		at org.apache.catalina.startup.HostConfig.check(HostConfig.java:1666)
		at org.apache.catalina.startup.HostConfig.lifecycleEvent(HostConfig.java:314)
		at org.apache.catalina.util.LifecycleBase.fireLifecycleEvent(LifecycleBase.java:123)
		at org.apache.catalina.core.ContainerBase.backgroundProcess(ContainerBase.java:1159)
		at org.apache.catalina.core.ContainerBase$ContainerBackgroundProcessor.processChildren(ContainerBase.java:1362)
		at org.apache.catalina.core.ContainerBase$ContainerBackgroundProcessor.processChildren(ContainerBase.java:1366)
		at org.apache.catalina.core.ContainerBase$ContainerBackgroundProcessor.run(ContainerBase.java:1344)
		at java.base/java.util.concurrent.Executors$RunnableAdapter.call(Executors.java:515)
		at java.base/java.util.concurrent.FutureTask.runAndReset(FutureTask.java:305)
		at java.base/java.util.concurrent.ScheduledThreadPoolExecutor$ScheduledFutureTask.run(ScheduledThreadPoolExecutor.java:305)
		at java.base/java.util.concurrent.ThreadPoolExecutor.runWorker(ThreadPoolExecutor.java:1128)
		at java.base/java.util.concurrent.ThreadPoolExecutor$Worker.run(ThreadPoolExecutor.java:628)
		at org.apache.tomcat.util.threads.TaskThread$WrappingRunnable.run(TaskThread.java:61)
		at java.base/java.lang.Thread.run(Thread.java:834)
24-Nov-2023 00:00:12.953 INFO [Catalina-utility-2] org.apache.catalina.startup.HostConfig.deployDescriptor Deployment of deployment descriptor [C:\Users\olthek\Desktop\apache-tomcat-9.0.70\conf\Catalina\localhost\Tienda.xml] has finished in [141] ms
24-Nov-2023 00:00:12.953 INFO [Catalina-utility-2] org.apache.catalina.startup.HostConfig.deployDescriptor Desplieque del descriptor de configuración [C:\Users\olthek\Desktop\apache-tomcat-9.0.70\conf\Catalina\localhost\WebApplication2.xml]
24-Nov-2023 00:00:12.968 WARNING [Catalina-utility-2] org.apache.catalina.startup.HostConfig.deployDescriptor The path attribute with value [/WebApplication2] in deployment descriptor [C:\Users\olthek\Desktop\apache-tomcat-9.0.70\conf\Catalina\localhost\WebApplication2.xml] has been ignored
24-Nov-2023 00:00:12.968 SEVERE [Catalina-utility-2] org.apache.catalina.startup.HostConfig.deployDescriptor Error durante el despliegue del descriptor de configuración [C:\Users\olthek\Desktop\apache-tomcat-9.0.70\conf\Catalina\localhost\WebApplication2.xml]
	java.io.IOException: El dispositivo no está listo
		at java.base/java.io.WinNTFileSystem.canonicalize0(Native Method)
		at java.base/java.io.WinNTFileSystem.canonicalize(WinNTFileSystem.java:483)
		at java.base/java.io.File.getCanonicalPath(File.java:626)
		at java.base/java.io.File.getCanonicalFile(File.java:651)
		at org.apache.catalina.startup.HostConfig.deployDescriptor(HostConfig.java:662)
		at org.apache.catalina.startup.HostConfig$DeployDescriptor.run(HostConfig.java:1888)
		at java.base/java.util.concurrent.Executors$RunnableAdapter.call(Executors.java:515)
		at java.base/java.util.concurrent.FutureTask.run(FutureTask.java:264)
		at org.apache.tomcat.util.threads.InlineExecutorService.execute(InlineExecutorService.java:75)
		at java.base/java.util.concurrent.AbstractExecutorService.submit(AbstractExecutorService.java:118)
		at org.apache.catalina.startup.HostConfig.deployDescriptors(HostConfig.java:582)
		at org.apache.catalina.startup.HostConfig.deployApps(HostConfig.java:472)
		at org.apache.catalina.startup.HostConfig.check(HostConfig.java:1666)
		at org.apache.catalina.startup.HostConfig.lifecycleEvent(HostConfig.java:314)
		at org.apache.catalina.util.LifecycleBase.fireLifecycleEvent(LifecycleBase.java:123)
		at org.apache.catalina.core.ContainerBase.backgroundProcess(ContainerBase.java:1159)
		at org.apache.catalina.core.ContainerBase$ContainerBackgroundProcessor.processChildren(ContainerBase.java:1362)
		at org.apache.catalina.core.ContainerBase$ContainerBackgroundProcessor.processChildren(ContainerBase.java:1366)
		at org.apache.catalina.core.ContainerBase$ContainerBackgroundProcessor.run(ContainerBase.java:1344)
		at java.base/java.util.concurrent.Executors$RunnableAdapter.call(Executors.java:515)
		at java.base/java.util.concurrent.FutureTask.runAndReset(FutureTask.java:305)
		at java.base/java.util.concurrent.ScheduledThreadPoolExecutor$ScheduledFutureTask.run(ScheduledThreadPoolExecutor.java:305)
		at java.base/java.util.concurrent.ThreadPoolExecutor.runWorker(ThreadPoolExecutor.java:1128)
		at java.base/java.util.concurrent.ThreadPoolExecutor$Worker.run(ThreadPoolExecutor.java:628)
		at org.apache.tomcat.util.threads.TaskThread$WrappingRunnable.run(TaskThread.java:61)
		at java.base/java.lang.Thread.run(Thread.java:834)
24-Nov-2023 00:00:12.984 INFO [Catalina-utility-2] org.apache.catalina.startup.HostConfig.deployDescriptor Deployment of deployment descriptor [C:\Users\olthek\Desktop\apache-tomcat-9.0.70\conf\Catalina\localhost\WebApplication2.xml] has finished in [15] ms
24-Nov-2023 00:00:23.007 INFO [Catalina-utility-1] org.apache.catalina.startup.HostConfig.deployDescriptor Desplieque del descriptor de configuración [C:\Users\olthek\Desktop\apache-tomcat-9.0.70\conf\Catalina\localhost\MS_DEV.xml]
24-Nov-2023 00:00:23.007 WARNING [Catalina-utility-1] org.apache.catalina.startup.HostConfig.deployDescriptor The path attribute with value [/MS_DEV] in deployment descriptor [C:\Users\olthek\Desktop\apache-tomcat-9.0.70\conf\Catalina\localhost\MS_DEV.xml] has been ignored
24-Nov-2023 00:00:23.023 SEVERE [Catalina-utility-1] org.apache.catalina.startup.HostConfig.deployDescriptor Error durante el despliegue del descriptor de configuración [C:\Users\olthek\Desktop\apache-tomcat-9.0.70\conf\Catalina\localhost\MS_DEV.xml]
	java.io.IOException: El volumen no contiene un sistema de archivos reconocido.
Asegúrese de que todos los controladores del sistema de archivos necesarios están cargados y de que el volumen no está dañado
		at java.base/java.io.WinNTFileSystem.canonicalize0(Native Method)
		at java.base/java.io.WinNTFileSystem.canonicalize(WinNTFileSystem.java:483)
		at java.base/java.io.File.getCanonicalPath(File.java:626)
		at java.base/java.io.File.getCanonicalFile(File.java:651)
		at org.apache.catalina.startup.HostConfig.deployDescriptor(HostConfig.java:662)
		at org.apache.catalina.startup.HostConfig$DeployDescriptor.run(HostConfig.java:1888)
		at java.base/java.util.concurrent.Executors$RunnableAdapter.call(Executors.java:515)
		at java.base/java.util.concurrent.FutureTask.run(FutureTask.java:264)
		at org.apache.tomcat.util.threads.InlineExecutorService.execute(InlineExecutorService.java:75)
		at java.base/java.util.concurrent.AbstractExecutorService.submit(AbstractExecutorService.java:118)
		at org.apache.catalina.startup.HostConfig.deployDescriptors(HostConfig.java:582)
		at org.apache.catalina.startup.HostConfig.deployApps(HostConfig.java:472)
		at org.apache.catalina.startup.HostConfig.check(HostConfig.java:1666)
		at org.apache.catalina.startup.HostConfig.lifecycleEvent(HostConfig.java:314)
		at org.apache.catalina.util.LifecycleBase.fireLifecycleEvent(LifecycleBase.java:123)
		at org.apache.catalina.core.ContainerBase.backgroundProcess(ContainerBase.java:1159)
		at org.apache.catalina.core.ContainerBase$ContainerBackgroundProcessor.processChildren(ContainerBase.java:1362)
		at org.apache.catalina.core.ContainerBase$ContainerBackgroundProcessor.processChildren(ContainerBase.java:1366)
		at org.apache.catalina.core.ContainerBase$ContainerBackgroundProcessor.run(ContainerBase.java:1344)
		at java.base/java.util.concurrent.Executors$RunnableAdapter.call(Executors.java:515)
		at java.base/java.util.concurrent.FutureTask.runAndReset(FutureTask.java:305)
		at java.base/java.util.concurrent.ScheduledThreadPoolExecutor$ScheduledFutureTask.run(ScheduledThreadPoolExecutor.java:305)
		at java.base/java.util.concurrent.ThreadPoolExecutor.runWorker(ThreadPoolExecutor.java:1128)
		at java.base/java.util.concurrent.ThreadPoolExecutor$Worker.run(ThreadPoolExecutor.java:628)
		at org.apache.tomcat.util.threads.TaskThread$WrappingRunnable.run(TaskThread.java:61)
		at java.base/java.lang.Thread.run(Thread.java:834)
24-Nov-2023 00:00:23.038 INFO [Catalina-utility-1] org.apache.catalina.startup.HostConfig.deployDescriptor Deployment of deployment descriptor [C:\Users\olthek\Desktop\apache-tomcat-9.0.70\conf\Catalina\localhost\MS_DEV.xml] has finished in [16] ms
24-Nov-2023 00:00:23.038 INFO [Catalina-utility-1] org.apache.catalina.startup.HostConfig.deployDescriptor Desplieque del descriptor de configuración [C:\Users\olthek\Desktop\apache-tomcat-9.0.70\conf\Catalina\localhost\Tienda.xml]
24-Nov-2023 00:00:23.038 WARNING [Catalina-utility-1] org.apache.catalina.startup.HostConfig.deployDescriptor The path attribute with value [/Tienda] in deployment descriptor [C:\Users\olthek\Desktop\apache-tomcat-9.0.70\conf\Catalina\localhost\Tienda.xml] has been ignored
24-Nov-2023 00:00:23.038 SEVERE [Catalina-utility-1] org.apache.catalina.startup.HostConfig.deployDescriptor Error durante el despliegue del descriptor de configuración [C:\Users\olthek\Desktop\apache-tomcat-9.0.70\conf\Catalina\localhost\Tienda.xml]
	java.io.IOException: El volumen no contiene un sistema de archivos reconocido.
Asegúrese de que todos los controladores del sistema de archivos necesarios están cargados y de que el volumen no está dañado
		at java.base/java.io.WinNTFileSystem.canonicalize0(Native Method)
		at java.base/java.io.WinNTFileSystem.canonicalize(WinNTFileSystem.java:483)
		at java.base/java.io.File.getCanonicalPath(File.java:626)
		at java.base/java.io.File.getCanonicalFile(File.java:651)
		at org.apache.catalina.startup.HostConfig.deployDescriptor(HostConfig.java:662)
		at org.apache.catalina.startup.HostConfig$DeployDescriptor.run(HostConfig.java:1888)
		at java.base/java.util.concurrent.Executors$RunnableAdapter.call(Executors.java:515)
		at java.base/java.util.concurrent.FutureTask.run(FutureTask.java:264)
		at org.apache.tomcat.util.threads.InlineExecutorService.execute(InlineExecutorService.java:75)
		at java.base/java.util.concurrent.AbstractExecutorService.submit(AbstractExecutorService.java:118)
		at org.apache.catalina.startup.HostConfig.deployDescriptors(HostConfig.java:582)
		at org.apache.catalina.startup.HostConfig.deployApps(HostConfig.java:472)
		at org.apache.catalina.startup.HostConfig.check(HostConfig.java:1666)
		at org.apache.catalina.startup.HostConfig.lifecycleEvent(HostConfig.java:314)
		at org.apache.catalina.util.LifecycleBase.fireLifecycleEvent(LifecycleBase.java:123)
		at org.apache.catalina.core.ContainerBase.backgroundProcess(ContainerBase.java:1159)
		at org.apache.catalina.core.ContainerBase$ContainerBackgroundProcessor.processChildren(ContainerBase.java:1362)
		at org.apache.catalina.core.ContainerBase$ContainerBackgroundProcessor.processChildren(ContainerBase.java:1366)
		at org.apache.catalina.core.ContainerBase$ContainerBackgroundProcessor.run(ContainerBase.java:1344)
		at java.base/java.util.concurrent.Executors$RunnableAdapter.call(Executors.java:515)
		at java.base/java.util.concurrent.FutureTask.runAndReset(FutureTask.java:305)
		at java.base/java.util.concurrent.ScheduledThreadPoolExecutor$ScheduledFutureTask.run(ScheduledThreadPoolExecutor.java:305)
		at java.base/java.util.concurrent.ThreadPoolExecutor.runWorker(ThreadPoolExecutor.java:1128)
		at java.base/java.util.concurrent.ThreadPoolExecutor$Worker.run(ThreadPoolExecutor.java:628)
		at org.apache.tomcat.util.threads.TaskThread$WrappingRunnable.run(TaskThread.java:61)
		at java.base/java.lang.Thread.run(Thread.java:834)
24-Nov-2023 00:00:23.195 INFO [Catalina-utility-1] org.apache.catalina.startup.HostConfig.deployDescriptor Deployment of deployment descriptor [C:\Users\olthek\Desktop\apache-tomcat-9.0.70\conf\Catalina\localhost\Tienda.xml] has finished in [157] ms
24-Nov-2023 00:00:23.195 INFO [Catalina-utility-1] org.apache.catalina.startup.HostConfig.deployDescriptor Desplieque del descriptor de configuración [C:\Users\olthek\Desktop\apache-tomcat-9.0.70\conf\Catalina\localhost\WebApplication2.xml]
24-Nov-2023 00:00:23.210 WARNING [Catalina-utility-1] org.apache.catalina.startup.HostConfig.deployDescriptor The path attribute with value [/WebApplication2] in deployment descriptor [C:\Users\olthek\Desktop\apache-tomcat-9.0.70\conf\Catalina\localhost\WebApplication2.xml] has been ignored
24-Nov-2023 00:00:23.210 SEVERE [Catalina-utility-1] org.apache.catalina.startup.HostConfig.deployDescriptor Error durante el despliegue del descriptor de configuración [C:\Users\olthek\Desktop\apache-tomcat-9.0.70\conf\Catalina\localhost\WebApplication2.xml]
	java.io.IOException: El dispositivo no está listo
		at java.base/java.io.WinNTFileSystem.canonicalize0(Native Method)
		at java.base/java.io.WinNTFileSystem.canonicalize(WinNTFileSystem.java:483)
		at java.base/java.io.File.getCanonicalPath(File.java:626)
		at java.base/java.io.File.getCanonicalFile(File.java:651)
		at org.apache.catalina.startup.HostConfig.deployDescriptor(HostConfig.java:662)
		at org.apache.catalina.startup.HostConfig$DeployDescriptor.run(HostConfig.java:1888)
		at java.base/java.util.concurrent.Executors$RunnableAdapter.call(Executors.java:515)
		at java.base/java.util.concurrent.FutureTask.run(FutureTask.java:264)
		at org.apache.tomcat.util.threads.InlineExecutorService.execute(InlineExecutorService.java:75)
		at java.base/java.util.concurrent.AbstractExecutorService.submit(AbstractExecutorService.java:118)
		at org.apache.catalina.startup.HostConfig.deployDescriptors(HostConfig.java:582)
		at org.apache.catalina.startup.HostConfig.deployApps(HostConfig.java:472)
		at org.apache.catalina.startup.HostConfig.check(HostConfig.java:1666)
		at org.apache.catalina.startup.HostConfig.lifecycleEvent(HostConfig.java:314)
		at org.apache.catalina.util.LifecycleBase.fireLifecycleEvent(LifecycleBase.java:123)
		at org.apache.catalina.core.ContainerBase.backgroundProcess(ContainerBase.java:1159)
		at org.apache.catalina.core.ContainerBase$ContainerBackgroundProcessor.processChildren(ContainerBase.java:1362)
		at org.apache.catalina.core.ContainerBase$ContainerBackgroundProcessor.processChildren(ContainerBase.java:1366)
		at org.apache.catalina.core.ContainerBase$ContainerBackgroundProcessor.run(ContainerBase.java:1344)
		at java.base/java.util.concurrent.Executors$RunnableAdapter.call(Executors.java:515)
		at java.base/java.util.concurrent.FutureTask.runAndReset(FutureTask.java:305)
		at java.base/java.util.concurrent.ScheduledThreadPoolExecutor$ScheduledFutureTask.run(ScheduledThreadPoolExecutor.java:305)
		at java.base/java.util.concurrent.ThreadPoolExecutor.runWorker(ThreadPoolExecutor.java:1128)
		at java.base/java.util.concurrent.ThreadPoolExecutor$Worker.run(ThreadPoolExecutor.java:628)
		at org.apache.tomcat.util.threads.TaskThread$WrappingRunnable.run(TaskThread.java:61)
		at java.base/java.lang.Thread.run(Thread.java:834)
24-Nov-2023 00:00:23.226 INFO [Catalina-utility-1] org.apache.catalina.startup.HostConfig.deployDescriptor Deployment of deployment descriptor [C:\Users\olthek\Desktop\apache-tomcat-9.0.70\conf\Catalina\localhost\WebApplication2.xml] has finished in [31] ms
24-Nov-2023 00:00:33.244 INFO [Catalina-utility-1] org.apache.catalina.startup.HostConfig.deployDescriptor Desplieque del descriptor de configuración [C:\Users\olthek\Desktop\apache-tomcat-9.0.70\conf\Catalina\localhost\MS_DEV.xml]
24-Nov-2023 00:00:33.244 WARNING [Catalina-utility-1] org.apache.catalina.startup.HostConfig.deployDescriptor The path attribute with value [/MS_DEV] in deployment descriptor [C:\Users\olthek\Desktop\apache-tomcat-9.0.70\conf\Catalina\localhost\MS_DEV.xml] has been ignored
24-Nov-2023 00:00:33.260 SEVERE [Catalina-utility-1] org.apache.catalina.startup.HostConfig.deployDescriptor Error durante el despliegue del descriptor de configuración [C:\Users\olthek\Desktop\apache-tomcat-9.0.70\conf\Catalina\localhost\MS_DEV.xml]
	java.io.IOException: El volumen no contiene un sistema de archivos reconocido.
Asegúrese de que todos los controladores del sistema de archivos necesarios están cargados y de que el volumen no está dañado
		at java.base/java.io.WinNTFileSystem.canonicalize0(Native Method)
		at java.base/java.io.WinNTFileSystem.canonicalize(WinNTFileSystem.java:483)
		at java.base/java.io.File.getCanonicalPath(File.java:626)
		at java.base/java.io.File.getCanonicalFile(File.java:651)
		at org.apache.catalina.startup.HostConfig.deployDescriptor(HostConfig.java:662)
		at org.apache.catalina.startup.HostConfig$DeployDescriptor.run(HostConfig.java:1888)
		at java.base/java.util.concurrent.Executors$RunnableAdapter.call(Executors.java:515)
		at java.base/java.util.concurrent.FutureTask.run(FutureTask.java:264)
		at org.apache.tomcat.util.threads.InlineExecutorService.execute(InlineExecutorService.java:75)
		at java.base/java.util.concurrent.AbstractExecutorService.submit(AbstractExecutorService.java:118)
		at org.apache.catalina.startup.HostConfig.deployDescriptors(HostConfig.java:582)
		at org.apache.catalina.startup.HostConfig.deployApps(HostConfig.java:472)
		at org.apache.catalina.startup.HostConfig.check(HostConfig.java:1666)
		at org.apache.catalina.startup.HostConfig.lifecycleEvent(HostConfig.java:314)
		at org.apache.catalina.util.LifecycleBase.fireLifecycleEvent(LifecycleBase.java:123)
		at org.apache.catalina.core.ContainerBase.backgroundProcess(ContainerBase.java:1159)
		at org.apache.catalina.core.ContainerBase$ContainerBackgroundProcessor.processChildren(ContainerBase.java:1362)
		at org.apache.catalina.core.ContainerBase$ContainerBackgroundProcessor.processChildren(ContainerBase.java:1366)
		at org.apache.catalina.core.ContainerBase$ContainerBackgroundProcessor.run(ContainerBase.java:1344)
		at java.base/java.util.concurrent.Executors$RunnableAdapter.call(Executors.java:515)
		at java.base/java.util.concurrent.FutureTask.runAndReset(FutureTask.java:305)
		at java.base/java.util.concurrent.ScheduledThreadPoolExecutor$ScheduledFutureTask.run(ScheduledThreadPoolExecutor.java:305)
		at java.base/java.util.concurrent.ThreadPoolExecutor.runWorker(ThreadPoolExecutor.java:1128)
		at java.base/java.util.concurrent.ThreadPoolExecutor$Worker.run(ThreadPoolExecutor.java:628)
		at org.apache.tomcat.util.threads.TaskThread$WrappingRunnable.run(TaskThread.java:61)
		at java.base/java.lang.Thread.run(Thread.java:834)
24-Nov-2023 00:00:33.276 INFO [Catalina-utility-1] org.apache.catalina.startup.HostConfig.deployDescriptor Deployment of deployment descriptor [C:\Users\olthek\Desktop\apache-tomcat-9.0.70\conf\Catalina\localhost\MS_DEV.xml] has finished in [32] ms
24-Nov-2023 00:00:33.276 INFO [Catalina-utility-1] org.apache.catalina.startup.HostConfig.deployDescriptor Desplieque del descriptor de configuración [C:\Users\olthek\Desktop\apache-tomcat-9.0.70\conf\Catalina\localhost\Tienda.xml]
24-Nov-2023 00:00:33.276 WARNING [Catalina-utility-1] org.apache.catalina.startup.HostConfig.deployDescriptor The path attribute with value [/Tienda] in deployment descriptor [C:\Users\olthek\Desktop\apache-tomcat-9.0.70\conf\Catalina\localhost\Tienda.xml] has been ignored
24-Nov-2023 00:00:33.276 SEVERE [Catalina-utility-1] org.apache.catalina.startup.HostConfig.deployDescriptor Error durante el despliegue del descriptor de configuración [C:\Users\olthek\Desktop\apache-tomcat-9.0.70\conf\Catalina\localhost\Tienda.xml]
	java.io.IOException: El volumen no contiene un sistema de archivos reconocido.
Asegúrese de que todos los controladores del sistema de archivos necesarios están cargados y de que el volumen no está dañado
		at java.base/java.io.WinNTFileSystem.canonicalize0(Native Method)
		at java.base/java.io.WinNTFileSystem.canonicalize(WinNTFileSystem.java:483)
		at java.base/java.io.File.getCanonicalPath(File.java:626)
		at java.base/java.io.File.getCanonicalFile(File.java:651)
		at org.apache.catalina.startup.HostConfig.deployDescriptor(HostConfig.java:662)
		at org.apache.catalina.startup.HostConfig$DeployDescriptor.run(HostConfig.java:1888)
		at java.base/java.util.concurrent.Executors$RunnableAdapter.call(Executors.java:515)
		at java.base/java.util.concurrent.FutureTask.run(FutureTask.java:264)
		at org.apache.tomcat.util.threads.InlineExecutorService.execute(InlineExecutorService.java:75)
		at java.base/java.util.concurrent.AbstractExecutorService.submit(AbstractExecutorService.java:118)
		at org.apache.catalina.startup.HostConfig.deployDescriptors(HostConfig.java:582)
		at org.apache.catalina.startup.HostConfig.deployApps(HostConfig.java:472)
		at org.apache.catalina.startup.HostConfig.check(HostConfig.java:1666)
		at org.apache.catalina.startup.HostConfig.lifecycleEvent(HostConfig.java:314)
		at org.apache.catalina.util.LifecycleBase.fireLifecycleEvent(LifecycleBase.java:123)
		at org.apache.catalina.core.ContainerBase.backgroundProcess(ContainerBase.java:1159)
		at org.apache.catalina.core.ContainerBase$ContainerBackgroundProcessor.processChildren(ContainerBase.java:1362)
		at org.apache.catalina.core.ContainerBase$ContainerBackgroundProcessor.processChildren(ContainerBase.java:1366)
		at org.apache.catalina.core.ContainerBase$ContainerBackgroundProcessor.run(ContainerBase.java:1344)
		at java.base/java.util.concurrent.Executors$RunnableAdapter.call(Executors.java:515)
		at java.base/java.util.concurrent.FutureTask.runAndReset(FutureTask.java:305)
		at java.base/java.util.concurrent.ScheduledThreadPoolExecutor$ScheduledFutureTask.run(ScheduledThreadPoolExecutor.java:305)
		at java.base/java.util.concurrent.ThreadPoolExecutor.runWorker(ThreadPoolExecutor.java:1128)
		at java.base/java.util.concurrent.ThreadPoolExecutor$Worker.run(ThreadPoolExecutor.java:628)
		at org.apache.tomcat.util.threads.TaskThread$WrappingRunnable.run(TaskThread.java:61)
		at java.base/java.lang.Thread.run(Thread.java:834)
24-Nov-2023 00:00:33.450 INFO [Catalina-utility-1] org.apache.catalina.startup.HostConfig.deployDescriptor Deployment of deployment descriptor [C:\Users\olthek\Desktop\apache-tomcat-9.0.70\conf\Catalina\localhost\Tienda.xml] has finished in [174] ms
24-Nov-2023 00:00:33.450 INFO [Catalina-utility-1] org.apache.catalina.startup.HostConfig.deployDescriptor Desplieque del descriptor de configuración [C:\Users\olthek\Desktop\apache-tomcat-9.0.70\conf\Catalina\localhost\WebApplication2.xml]
24-Nov-2023 00:00:33.465 WARNING [Catalina-utility-1] org.apache.catalina.startup.HostConfig.deployDescriptor The path attribute with value [/WebApplication2] in deployment descriptor [C:\Users\olthek\Desktop\apache-tomcat-9.0.70\conf\Catalina\localhost\WebApplication2.xml] has been ignored
24-Nov-2023 00:00:33.465 SEVERE [Catalina-utility-1] org.apache.catalina.startup.HostConfig.deployDescriptor Error durante el despliegue del descriptor de configuración [C:\Users\olthek\Desktop\apache-tomcat-9.0.70\conf\Catalina\localhost\WebApplication2.xml]
	java.io.IOException: El dispositivo no está listo
		at java.base/java.io.WinNTFileSystem.canonicalize0(Native Method)
		at java.base/java.io.WinNTFileSystem.canonicalize(WinNTFileSystem.java:483)
		at java.base/java.io.File.getCanonicalPath(File.java:626)
		at java.base/java.io.File.getCanonicalFile(File.java:651)
		at org.apache.catalina.startup.HostConfig.deployDescriptor(HostConfig.java:662)
		at org.apache.catalina.startup.HostConfig$DeployDescriptor.run(HostConfig.java:1888)
		at java.base/java.util.concurrent.Executors$RunnableAdapter.call(Executors.java:515)
		at java.base/java.util.concurrent.FutureTask.run(FutureTask.java:264)
		at org.apache.tomcat.util.threads.InlineExecutorService.execute(InlineExecutorService.java:75)
		at java.base/java.util.concurrent.AbstractExecutorService.submit(AbstractExecutorService.java:118)
		at org.apache.catalina.startup.HostConfig.deployDescriptors(HostConfig.java:582)
		at org.apache.catalina.startup.HostConfig.deployApps(HostConfig.java:472)
		at org.apache.catalina.startup.HostConfig.check(HostConfig.java:1666)
		at org.apache.catalina.startup.HostConfig.lifecycleEvent(HostConfig.java:314)
		at org.apache.catalina.util.LifecycleBase.fireLifecycleEvent(LifecycleBase.java:123)
		at org.apache.catalina.core.ContainerBase.backgroundProcess(ContainerBase.java:1159)
		at org.apache.catalina.core.ContainerBase$ContainerBackgroundProcessor.processChildren(ContainerBase.java:1362)
		at org.apache.catalina.core.ContainerBase$ContainerBackgroundProcessor.processChildren(ContainerBase.java:1366)
		at org.apache.catalina.core.ContainerBase$ContainerBackgroundProcessor.run(ContainerBase.java:1344)
		at java.base/java.util.concurrent.Executors$RunnableAdapter.call(Executors.java:515)
		at java.base/java.util.concurrent.FutureTask.runAndReset(FutureTask.java:305)
		at java.base/java.util.concurrent.ScheduledThreadPoolExecutor$ScheduledFutureTask.run(ScheduledThreadPoolExecutor.java:305)
		at java.base/java.util.concurrent.ThreadPoolExecutor.runWorker(ThreadPoolExecutor.java:1128)
		at java.base/java.util.concurrent.ThreadPoolExecutor$Worker.run(ThreadPoolExecutor.java:628)
		at org.apache.tomcat.util.threads.TaskThread$WrappingRunnable.run(TaskThread.java:61)
		at java.base/java.lang.Thread.run(Thread.java:834)
24-Nov-2023 00:00:33.481 INFO [Catalina-utility-1] org.apache.catalina.startup.HostConfig.deployDescriptor Deployment of deployment descriptor [C:\Users\olthek\Desktop\apache-tomcat-9.0.70\conf\Catalina\localhost\WebApplication2.xml] has finished in [31] ms
24-Nov-2023 00:00:43.600 INFO [Catalina-utility-1] org.apache.catalina.startup.HostConfig.deployDescriptor Desplieque del descriptor de configuración [C:\Users\olthek\Desktop\apache-tomcat-9.0.70\conf\Catalina\localhost\MS_DEV.xml]
24-Nov-2023 00:00:43.615 WARNING [Catalina-utility-1] org.apache.catalina.startup.HostConfig.deployDescriptor The path attribute with value [/MS_DEV] in deployment descriptor [C:\Users\olthek\Desktop\apache-tomcat-9.0.70\conf\Catalina\localhost\MS_DEV.xml] has been ignored
24-Nov-2023 00:00:44.147 SEVERE [Catalina-utility-1] org.apache.catalina.startup.HostConfig.deployDescriptor Error durante el despliegue del descriptor de configuración [C:\Users\olthek\Desktop\apache-tomcat-9.0.70\conf\Catalina\localhost\MS_DEV.xml]
	java.io.IOException: El volumen no contiene un sistema de archivos reconocido.
Asegúrese de que todos los controladores del sistema de archivos necesarios están cargados y de que el volumen no está dañado
		at java.base/java.io.WinNTFileSystem.canonicalize0(Native Method)
		at java.base/java.io.WinNTFileSystem.canonicalize(WinNTFileSystem.java:483)
		at java.base/java.io.File.getCanonicalPath(File.java:626)
		at java.base/java.io.File.getCanonicalFile(File.java:651)
		at org.apache.catalina.startup.HostConfig.deployDescriptor(HostConfig.java:662)
		at org.apache.catalina.startup.HostConfig$DeployDescriptor.run(HostConfig.java:1888)
		at java.base/java.util.concurrent.Executors$RunnableAdapter.call(Executors.java:515)
		at java.base/java.util.concurrent.FutureTask.run(FutureTask.java:264)
		at org.apache.tomcat.util.threads.InlineExecutorService.execute(InlineExecutorService.java:75)
		at java.base/java.util.concurrent.AbstractExecutorService.submit(AbstractExecutorService.java:118)
		at org.apache.catalina.startup.HostConfig.deployDescriptors(HostConfig.java:582)
		at org.apache.catalina.startup.HostConfig.deployApps(HostConfig.java:472)
		at org.apache.catalina.startup.HostConfig.check(HostConfig.java:1666)
		at org.apache.catalina.startup.HostConfig.lifecycleEvent(HostConfig.java:314)
		at org.apache.catalina.util.LifecycleBase.fireLifecycleEvent(LifecycleBase.java:123)
		at org.apache.catalina.core.ContainerBase.backgroundProcess(ContainerBase.java:1159)
		at org.apache.catalina.core.ContainerBase$ContainerBackgroundProcessor.processChildren(ContainerBase.java:1362)
		at org.apache.catalina.core.ContainerBase$ContainerBackgroundProcessor.processChildren(ContainerBase.java:1366)
		at org.apache.catalina.core.ContainerBase$ContainerBackgroundProcessor.run(ContainerBase.java:1344)
		at java.base/java.util.concurrent.Executors$RunnableAdapter.call(Executors.java:515)
		at java.base/java.util.concurrent.FutureTask.runAndReset(FutureTask.java:305)
		at java.base/java.util.concurrent.ScheduledThreadPoolExecutor$ScheduledFutureTask.run(ScheduledThreadPoolExecutor.java:305)
		at java.base/java.util.concurrent.ThreadPoolExecutor.runWorker(ThreadPoolExecutor.java:1128)
		at java.base/java.util.concurrent.ThreadPoolExecutor$Worker.run(ThreadPoolExecutor.java:628)
		at org.apache.tomcat.util.threads.TaskThread$WrappingRunnable.run(TaskThread.java:61)
		at java.base/java.lang.Thread.run(Thread.java:834)
24-Nov-2023 00:00:44.397 INFO [Catalina-utility-1] org.apache.catalina.startup.HostConfig.deployDescriptor Deployment of deployment descriptor [C:\Users\olthek\Desktop\apache-tomcat-9.0.70\conf\Catalina\localhost\MS_DEV.xml] has finished in [797] ms
24-Nov-2023 00:00:44.475 INFO [Catalina-utility-1] org.apache.catalina.startup.HostConfig.deployDescriptor Desplieque del descriptor de configuración [C:\Users\olthek\Desktop\apache-tomcat-9.0.70\conf\Catalina\localhost\Tienda.xml]
24-Nov-2023 00:00:44.490 WARNING [Catalina-utility-1] org.apache.catalina.startup.HostConfig.deployDescriptor The path attribute with value [/Tienda] in deployment descriptor [C:\Users\olthek\Desktop\apache-tomcat-9.0.70\conf\Catalina\localhost\Tienda.xml] has been ignored
24-Nov-2023 00:00:44.506 SEVERE [Catalina-utility-1] org.apache.catalina.startup.HostConfig.deployDescriptor Error durante el despliegue del descriptor de configuración [C:\Users\olthek\Desktop\apache-tomcat-9.0.70\conf\Catalina\localhost\Tienda.xml]
	java.io.IOException: El volumen no contiene un sistema de archivos reconocido.
Asegúrese de que todos los controladores del sistema de archivos necesarios están cargados y de que el volumen no está dañado
		at java.base/java.io.WinNTFileSystem.canonicalize0(Native Method)
		at java.base/java.io.WinNTFileSystem.canonicalize(WinNTFileSystem.java:483)
		at java.base/java.io.File.getCanonicalPath(File.java:626)
		at java.base/java.io.File.getCanonicalFile(File.java:651)
		at org.apache.catalina.startup.HostConfig.deployDescriptor(HostConfig.java:662)
		at org.apache.catalina.startup.HostConfig$DeployDescriptor.run(HostConfig.java:1888)
		at java.base/java.util.concurrent.Executors$RunnableAdapter.call(Executors.java:515)
		at java.base/java.util.concurrent.FutureTask.run(FutureTask.java:264)
		at org.apache.tomcat.util.threads.InlineExecutorService.execute(InlineExecutorService.java:75)
		at java.base/java.util.concurrent.AbstractExecutorService.submit(AbstractExecutorService.java:118)
		at org.apache.catalina.startup.HostConfig.deployDescriptors(HostConfig.java:582)
		at org.apache.catalina.startup.HostConfig.deployApps(HostConfig.java:472)
		at org.apache.catalina.startup.HostConfig.check(HostConfig.java:1666)
		at org.apache.catalina.startup.HostConfig.lifecycleEvent(HostConfig.java:314)
		at org.apache.catalina.util.LifecycleBase.fireLifecycleEvent(LifecycleBase.java:123)
		at org.apache.catalina.core.ContainerBase.backgroundProcess(ContainerBase.java:1159)
		at org.apache.catalina.core.ContainerBase$ContainerBackgroundProcessor.processChildren(ContainerBase.java:1362)
		at org.apache.catalina.core.ContainerBase$ContainerBackgroundProcessor.processChildren(ContainerBase.java:1366)
		at org.apache.catalina.core.ContainerBase$ContainerBackgroundProcessor.run(ContainerBase.java:1344)
		at java.base/java.util.concurrent.Executors$RunnableAdapter.call(Executors.java:515)
		at java.base/java.util.concurrent.FutureTask.runAndReset(FutureTask.java:305)
		at java.base/java.util.concurrent.ScheduledThreadPoolExecutor$ScheduledFutureTask.run(ScheduledThreadPoolExecutor.java:305)
		at java.base/java.util.concurrent.ThreadPoolExecutor.runWorker(ThreadPoolExecutor.java:1128)
		at java.base/java.util.concurrent.ThreadPoolExecutor$Worker.run(ThreadPoolExecutor.java:628)
		at org.apache.tomcat.util.threads.TaskThread$WrappingRunnable.run(TaskThread.java:61)
		at java.base/java.lang.Thread.run(Thread.java:834)
24-Nov-2023 00:00:44.522 INFO [Catalina-utility-1] org.apache.catalina.startup.HostConfig.deployDescriptor Deployment of deployment descriptor [C:\Users\olthek\Desktop\apache-tomcat-9.0.70\conf\Catalina\localhost\Tienda.xml] has finished in [47] ms
24-Nov-2023 00:00:44.522 INFO [Catalina-utility-1] org.apache.catalina.startup.HostConfig.deployDescriptor Desplieque del descriptor de configuración [C:\Users\olthek\Desktop\apache-tomcat-9.0.70\conf\Catalina\localhost\WebApplication2.xml]
24-Nov-2023 00:00:44.522 WARNING [Catalina-utility-1] org.apache.catalina.startup.HostConfig.deployDescriptor The path attribute with value [/WebApplication2] in deployment descriptor [C:\Users\olthek\Desktop\apache-tomcat-9.0.70\conf\Catalina\localhost\WebApplication2.xml] has been ignored
24-Nov-2023 00:00:44.537 SEVERE [Catalina-utility-1] org.apache.catalina.startup.HostConfig.deployDescriptor Error durante el despliegue del descriptor de configuración [C:\Users\olthek\Desktop\apache-tomcat-9.0.70\conf\Catalina\localhost\WebApplication2.xml]
	java.io.IOException: El dispositivo no está listo
		at java.base/java.io.WinNTFileSystem.canonicalize0(Native Method)
		at java.base/java.io.WinNTFileSystem.canonicalize(WinNTFileSystem.java:483)
		at java.base/java.io.File.getCanonicalPath(File.java:626)
		at java.base/java.io.File.getCanonicalFile(File.java:651)
		at org.apache.catalina.startup.HostConfig.deployDescriptor(HostConfig.java:662)
		at org.apache.catalina.startup.HostConfig$DeployDescriptor.run(HostConfig.java:1888)
		at java.base/java.util.concurrent.Executors$RunnableAdapter.call(Executors.java:515)
		at java.base/java.util.concurrent.FutureTask.run(FutureTask.java:264)
		at org.apache.tomcat.util.threads.InlineExecutorService.execute(InlineExecutorService.java:75)
		at java.base/java.util.concurrent.AbstractExecutorService.submit(AbstractExecutorService.java:118)
		at org.apache.catalina.startup.HostConfig.deployDescriptors(HostConfig.java:582)
		at org.apache.catalina.startup.HostConfig.deployApps(HostConfig.java:472)
		at org.apache.catalina.startup.HostConfig.check(HostConfig.java:1666)
		at org.apache.catalina.startup.HostConfig.lifecycleEvent(HostConfig.java:314)
		at org.apache.catalina.util.LifecycleBase.fireLifecycleEvent(LifecycleBase.java:123)
		at org.apache.catalina.core.ContainerBase.backgroundProcess(ContainerBase.java:1159)
		at org.apache.catalina.core.ContainerBase$ContainerBackgroundProcessor.processChildren(ContainerBase.java:1362)
		at org.apache.catalina.core.ContainerBase$ContainerBackgroundProcessor.processChildren(ContainerBase.java:1366)
		at org.apache.catalina.core.ContainerBase$ContainerBackgroundProcessor.run(ContainerBase.java:1344)
		at java.base/java.util.concurrent.Executors$RunnableAdapter.call(Executors.java:515)
		at java.base/java.util.concurrent.FutureTask.runAndReset(FutureTask.java:305)
		at java.base/java.util.concurrent.ScheduledThreadPoolExecutor$ScheduledFutureTask.run(ScheduledThreadPoolExecutor.java:305)
		at java.base/java.util.concurrent.ThreadPoolExecutor.runWorker(ThreadPoolExecutor.java:1128)
		at java.base/java.util.concurrent.ThreadPoolExecutor$Worker.run(ThreadPoolExecutor.java:628)
		at org.apache.tomcat.util.threads.TaskThread$WrappingRunnable.run(TaskThread.java:61)
		at java.base/java.lang.Thread.run(Thread.java:834)
24-Nov-2023 00:00:44.584 INFO [Catalina-utility-1] org.apache.catalina.startup.HostConfig.deployDescriptor Deployment of deployment descriptor [C:\Users\olthek\Desktop\apache-tomcat-9.0.70\conf\Catalina\localhost\WebApplication2.xml] has finished in [62] ms
