19-Nov-2023 21:28:34.369 INFO [main] org.apache.catalina.core.ApplicationContext.log ContextListener: contextInitialized()
19-Nov-2023 21:28:34.369 INFO [main] org.apache.catalina.core.ApplicationContext.log SessionListener: contextInitialized()
19-Nov-2023 21:28:34.385 INFO [main] org.apache.catalina.core.ApplicationContext.log ContextListener: attributeAdded('StockTicker', 'async.Stockticker@6a26eee6')
19-Nov-2023 23:57:39.321 INFO [main] org.apache.catalina.core.ApplicationContext.log ContextListener: contextInitialized()
19-Nov-2023 23:57:39.321 INFO [main] org.apache.catalina.core.ApplicationContext.log SessionListener: contextInitialized()
19-Nov-2023 23:57:39.356 INFO [main] org.apache.catalina.core.ApplicationContext.log ContextListener: attributeAdded('StockTicker', 'async.Stockticker@5b0d480c')
19-Nov-2023 23:58:56.235 SEVERE [http-nio-8080-exec-19] org.apache.catalina.core.StandardWrapperValve.invoke Servlet.service() para servlet [reg] lanzó excepción
	java.lang.RuntimeException: com.sun.mail.util.MailConnectException: Couldn't connect to host, port: smtp.gmail.com, 3306; timeout -1;
  nested exception is:
	java.net.ConnectException: Connection timed out: connect
		at reg.enviarCorreo(reg.java:124)
		at reg.processRequest(reg.java:79)
		at reg.doPost(reg.java:155)
		at javax.servlet.http.HttpServlet.service(HttpServlet.java:696)
		at javax.servlet.http.HttpServlet.service(HttpServlet.java:779)
		at org.apache.catalina.core.ApplicationFilterChain.internalDoFilter(ApplicationFilterChain.java:227)
		at org.apache.catalina.core.ApplicationFilterChain.doFilter(ApplicationFilterChain.java:162)
		at org.apache.tomcat.websocket.server.WsFilter.doFilter(WsFilter.java:53)
		at org.apache.catalina.core.ApplicationFilterChain.internalDoFilter(ApplicationFilterChain.java:189)
		at org.apache.catalina.core.ApplicationFilterChain.doFilter(ApplicationFilterChain.java:162)
		at org.apache.catalina.core.StandardWrapperValve.invoke(StandardWrapperValve.java:177)
		at org.apache.catalina.core.StandardContextValve.invoke(StandardContextValve.java:97)
		at org.apache.catalina.authenticator.AuthenticatorBase.invoke(AuthenticatorBase.java:541)
		at org.apache.catalina.core.StandardHostValve.invoke(StandardHostValve.java:135)
		at org.apache.catalina.valves.ErrorReportValve.invoke(ErrorReportValve.java:92)
		at org.apache.catalina.valves.AbstractAccessLogValve.invoke(AbstractAccessLogValve.java:687)
		at org.apache.catalina.core.StandardEngineValve.invoke(StandardEngineValve.java:78)
		at org.apache.catalina.connector.CoyoteAdapter.service(CoyoteAdapter.java:360)
		at org.apache.coyote.http11.Http11Processor.service(Http11Processor.java:399)
		at org.apache.coyote.AbstractProcessorLight.process(AbstractProcessorLight.java:65)
		at org.apache.coyote.AbstractProtocol$ConnectionHandler.process(AbstractProtocol.java:891)
		at org.apache.tomcat.util.net.NioEndpoint$SocketProcessor.doRun(NioEndpoint.java:1784)
		at org.apache.tomcat.util.net.SocketProcessorBase.run(SocketProcessorBase.java:49)
		at org.apache.tomcat.util.threads.ThreadPoolExecutor.runWorker(ThreadPoolExecutor.java:1191)
		at org.apache.tomcat.util.threads.ThreadPoolExecutor$Worker.run(ThreadPoolExecutor.java:659)
		at org.apache.tomcat.util.threads.TaskThread$WrappingRunnable.run(TaskThread.java:61)
		at java.base/java.lang.Thread.run(Thread.java:834)
	Caused by: com.sun.mail.util.MailConnectException: Couldn't connect to host, port: smtp.gmail.com, 3306; timeout -1;
  nested exception is:
	java.net.ConnectException: Connection timed out: connect
		at com.sun.mail.smtp.SMTPTransport.openServer(SMTPTransport.java:2209)
		at com.sun.mail.smtp.SMTPTransport.protocolConnect(SMTPTransport.java:740)
		at javax.mail.Service.connect(Service.java:388)
		at javax.mail.Service.connect(Service.java:246)
		at javax.mail.Service.connect(Service.java:195)
		at javax.mail.Transport.send0(Transport.java:254)
		at javax.mail.Transport.send(Transport.java:124)
		at reg.enviarCorreo(reg.java:119)
		... 26 more
	Caused by: java.net.ConnectException: Connection timed out: connect
		at java.base/java.net.PlainSocketImpl.connect0(Native Method)
		at java.base/java.net.PlainSocketImpl.socketConnect(PlainSocketImpl.java:101)
		at java.base/java.net.AbstractPlainSocketImpl.doConnect(AbstractPlainSocketImpl.java:412)
		at java.base/java.net.AbstractPlainSocketImpl.connectToAddress(AbstractPlainSocketImpl.java:255)
		at java.base/java.net.AbstractPlainSocketImpl.connect(AbstractPlainSocketImpl.java:237)
		at java.base/java.net.SocksSocketImpl.connect(SocksSocketImpl.java:392)
		at java.base/java.net.Socket.connect(Socket.java:608)
		at java.base/java.net.Socket.connect(Socket.java:557)
		at com.sun.mail.util.SocketFetcher.createSocket(SocketFetcher.java:359)
		at com.sun.mail.util.SocketFetcher.getSocket(SocketFetcher.java:238)
		at com.sun.mail.smtp.SMTPTransport.openServer(SMTPTransport.java:2175)
		... 33 more
